mode: set
helpdesk/agentutil/agentutil.go:42.48,52.70 3 0
helpdesk/agentutil/agentutil.go:52.70,55.3 2 0
helpdesk/agentutil/agentutil.go:57.2,57.26 1 0
helpdesk/agentutil/agentutil.go:57.26,59.3 1 0
helpdesk/agentutil/agentutil.go:61.2,61.12 1 0
helpdesk/agentutil/agentutil.go:65.68,66.42 1 0
helpdesk/agentutil/agentutil.go:67.26,69.17 2 0
helpdesk/agentutil/agentutil.go:69.17,71.4 1 0
helpdesk/agentutil/agentutil.go:72.3,73.18 2 0
helpdesk/agentutil/agentutil.go:75.19,77.17 2 0
helpdesk/agentutil/agentutil.go:77.17,79.4 1 0
helpdesk/agentutil/agentutil.go:80.3,81.18 2 0
helpdesk/agentutil/agentutil.go:83.10,84.109 1 0
helpdesk/agentutil/agentutil.go:110.62,111.24 1 1
helpdesk/agentutil/agentutil.go:111.24,113.3 1 1
helpdesk/agentutil/agentutil.go:114.2,114.33 1 1
helpdesk/agentutil/agentutil.go:114.33,116.3 1 1
helpdesk/agentutil/agentutil.go:117.2,117.26 1 1
helpdesk/agentutil/agentutil.go:117.26,119.3 1 1
helpdesk/agentutil/agentutil.go:120.2,120.29 1 1
helpdesk/agentutil/agentutil.go:120.29,122.47 2 1
helpdesk/agentutil/agentutil.go:122.47,124.4 1 1
helpdesk/agentutil/agentutil.go:125.3,125.55 1 1
helpdesk/agentutil/agentutil.go:125.55,127.4 1 1
helpdesk/agentutil/agentutil.go:134.87,136.16 2 0
helpdesk/agentutil/agentutil.go:136.16,138.3 1 0
helpdesk/agentutil/agentutil.go:140.2,152.19 4 0
helpdesk/agentutil/agentutil.go:152.19,154.3 1 0
helpdesk/agentutil/agentutil.go:156.2,175.34 7 0
helpdesk/cmd/gateway/gateway.go:33.62,35.34 2 0
helpdesk/cmd/gateway/gateway.go:35.34,37.17 2 0
helpdesk/cmd/gateway/gateway.go:37.17,39.12 2 0
helpdesk/cmd/gateway/gateway.go:41.3,42.47 2 0
helpdesk/cmd/gateway/gateway.go:44.2,44.51 1 0
helpdesk/cmd/gateway/gateway.go:57.54,64.2 6 0
helpdesk/cmd/gateway/gateway.go:68.71,73.61 2 0
helpdesk/cmd/gateway/gateway.go:73.61,76.3 2 0
helpdesk/cmd/gateway/gateway.go:77.2,77.23 1 0
helpdesk/cmd/gateway/gateway.go:77.23,80.3 2 0
helpdesk/cmd/gateway/gateway.go:82.2,83.9 2 0
helpdesk/cmd/gateway/gateway.go:83.9,86.3 2 0
helpdesk/cmd/gateway/gateway.go:88.2,88.46 1 0
helpdesk/cmd/gateway/gateway.go:91.76,101.33 3 0
helpdesk/cmd/gateway/gateway.go:101.33,106.24 2 0
helpdesk/cmd/gateway/gateway.go:106.24,110.4 3 0
helpdesk/cmd/gateway/gateway.go:111.3,111.32 1 0
helpdesk/cmd/gateway/gateway.go:113.2,113.37 1 0
helpdesk/cmd/gateway/gateway.go:116.80,118.62 2 0
helpdesk/cmd/gateway/gateway.go:118.62,121.3 2 0
helpdesk/cmd/gateway/gateway.go:123.2,124.49 2 0
helpdesk/cmd/gateway/gateway.go:127.79,129.2 1 0
helpdesk/cmd/gateway/gateway.go:131.72,134.62 3 0
helpdesk/cmd/gateway/gateway.go:134.62,137.3 2 0
helpdesk/cmd/gateway/gateway.go:138.2,139.43 2 0
helpdesk/cmd/gateway/gateway.go:142.73,145.62 3 0
helpdesk/cmd/gateway/gateway.go:145.62,148.3 2 0
helpdesk/cmd/gateway/gateway.go:149.2,150.44 2 0
helpdesk/cmd/gateway/gateway.go:156.98,158.9 2 0
helpdesk/cmd/gateway/gateway.go:158.9,161.3 2 0
helpdesk/cmd/gateway/gateway.go:163.2,167.16 4 0
helpdesk/cmd/gateway/gateway.go:167.16,171.3 3 0
helpdesk/cmd/gateway/gateway.go:173.2,175.39 3 0
helpdesk/cmd/gateway/gateway.go:190.64,193.28 2 1
helpdesk/cmd/gateway/gateway.go:194.17,199.30 3 1
helpdesk/cmd/gateway/gateway.go:199.30,201.4 1 1
helpdesk/cmd/gateway/gateway.go:204.3,204.22 1 1
helpdesk/cmd/gateway/gateway.go:204.22,205.45 1 1
helpdesk/cmd/gateway/gateway.go:205.45,206.50 1 1
helpdesk/cmd/gateway/gateway.go:206.50,208.11 2 1
helpdesk/cmd/gateway/gateway.go:214.3,214.33 1 1
helpdesk/cmd/gateway/gateway.go:214.33,220.4 1 1
helpdesk/cmd/gateway/gateway.go:223.3,223.46 1 1
helpdesk/cmd/gateway/gateway.go:223.46,225.4 1 1
helpdesk/cmd/gateway/gateway.go:227.20,228.35 1 1
helpdesk/cmd/gateway/gateway.go:231.2,231.13 1 1
helpdesk/cmd/gateway/gateway.go:235.49,237.26 2 1
helpdesk/cmd/gateway/gateway.go:237.26,238.37 1 1
helpdesk/cmd/gateway/gateway.go:238.37,240.4 1 1
helpdesk/cmd/gateway/gateway.go:242.2,242.34 1 1
helpdesk/cmd/gateway/gateway.go:248.67,252.19 3 1
helpdesk/cmd/gateway/gateway.go:252.19,255.26 3 1
helpdesk/cmd/gateway/gateway.go:255.26,257.4 1 1
helpdesk/cmd/gateway/gateway.go:258.3,258.44 1 1
helpdesk/cmd/gateway/gateway.go:261.2,262.20 2 1
helpdesk/cmd/gateway/gateway.go:267.61,271.2 3 0
helpdesk/cmd/gateway/gateway.go:273.68,275.2 1 0
helpdesk/cmd/gateway/main.go:16.13,20.22 3 0
helpdesk/cmd/gateway/main.go:20.22,22.3 1 0
helpdesk/cmd/gateway/main.go:24.2,25.21 2 0
helpdesk/cmd/gateway/main.go:25.21,28.3 2 0
helpdesk/cmd/gateway/main.go:30.2,31.22 2 0
helpdesk/cmd/gateway/main.go:31.22,33.3 1 0
helpdesk/cmd/gateway/main.go:35.2,36.16 2 0
helpdesk/cmd/gateway/main.go:36.16,39.3 2 0
helpdesk/cmd/gateway/main.go:41.2,46.61 5 0
helpdesk/cmd/gateway/main.go:46.61,49.3 2 0
helpdesk/agents/database/main.go:20.13,25.16 4 0
helpdesk/agents/database/main.go:25.16,28.3 2 0
helpdesk/agents/database/main.go:31.2,32.16 2 0
helpdesk/agents/database/main.go:32.16,35.3 2 0
helpdesk/agents/database/main.go:37.2,44.16 2 0
helpdesk/agents/database/main.go:44.16,47.3 2 0
helpdesk/agents/database/main.go:49.2,72.69 2 0
helpdesk/agents/database/main.go:72.69,75.3 2 0
helpdesk/agents/database/main.go:78.41,83.16 2 0
helpdesk/agents/database/main.go:83.16,85.3 1 0
helpdesk/agents/database/main.go:87.2,91.16 2 0
helpdesk/agents/database/main.go:91.16,93.3 1 0
helpdesk/agents/database/main.go:95.2,99.16 2 0
helpdesk/agents/database/main.go:99.16,101.3 1 0
helpdesk/agents/database/main.go:103.2,107.16 2 0
helpdesk/agents/database/main.go:107.16,109.3 1 0
helpdesk/agents/database/main.go:111.2,115.16 2 0
helpdesk/agents/database/main.go:115.16,117.3 1 0
helpdesk/agents/database/main.go:119.2,123.16 2 0
helpdesk/agents/database/main.go:123.16,125.3 1 0
helpdesk/agents/database/main.go:127.2,131.16 2 0
helpdesk/agents/database/main.go:131.16,133.3 1 0
helpdesk/agents/database/main.go:135.2,139.16 2 0
helpdesk/agents/database/main.go:139.16,141.3 1 0
helpdesk/agents/database/main.go:143.2,147.16 2 0
helpdesk/agents/database/main.go:147.16,149.3 1 0
helpdesk/agents/database/main.go:151.2,161.8 1 0
helpdesk/agents/database/tools.go:16.46,19.9 2 1
helpdesk/agents/database/tools.go:20.47,22.123 1 1
helpdesk/agents/database/tools.go:24.51,27.86 1 1
helpdesk/agents/database/tools.go:29.62,31.72 1 1
helpdesk/agents/database/tools.go:33.63,35.93 1 1
helpdesk/agents/database/tools.go:37.53,39.89 1 1
helpdesk/agents/database/tools.go:41.92,43.48 1 1
helpdesk/agents/database/tools.go:45.80,47.74 1 0
helpdesk/agents/database/tools.go:49.115,51.61 1 1
helpdesk/agents/database/tools.go:53.10,54.12 1 1
helpdesk/agents/database/tools.go:60.81,62.19 2 0
helpdesk/agents/database/tools.go:62.19,64.3 1 0
helpdesk/agents/database/tools.go:65.2,68.16 4 0
helpdesk/agents/database/tools.go:68.16,70.16 2 0
helpdesk/agents/database/tools.go:70.16,72.4 1 0
helpdesk/agents/database/tools.go:73.3,74.23 2 0
helpdesk/agents/database/tools.go:74.23,76.4 1 0
helpdesk/agents/database/tools.go:77.3,77.59 1 0
helpdesk/agents/database/tools.go:77.59,79.4 1 0
helpdesk/agents/database/tools.go:80.3,80.65 1 0
helpdesk/agents/database/tools.go:82.2,82.28 1 0
helpdesk/agents/database/tools.go:95.90,98.16 3 0
helpdesk/agents/database/tools.go:98.16,100.3 1 0
helpdesk/agents/database/tools.go:101.2,101.83 1 0
helpdesk/agents/database/tools.go:109.90,123.16 3 0
helpdesk/agents/database/tools.go:123.16,125.3 1 0
helpdesk/agents/database/tools.go:126.2,126.40 1 0
helpdesk/agents/database/tools.go:135.100,137.22 2 0
helpdesk/agents/database/tools.go:137.22,139.3 1 0
helpdesk/agents/database/tools.go:141.2,158.16 3 0
helpdesk/agents/database/tools.go:158.16,160.3 1 0
helpdesk/agents/database/tools.go:161.2,161.77 1 0
helpdesk/agents/database/tools.go:161.77,163.3 1 0
helpdesk/agents/database/tools.go:164.2,164.40 1 0
helpdesk/agents/database/tools.go:172.96,186.16 3 0
helpdesk/agents/database/tools.go:186.16,188.3 1 0
helpdesk/agents/database/tools.go:189.2,189.40 1 0
helpdesk/agents/database/tools.go:197.92,218.16 3 0
helpdesk/agents/database/tools.go:218.16,220.3 1 0
helpdesk/agents/database/tools.go:221.2,221.40 1 0
helpdesk/agents/database/tools.go:230.96,232.30 2 0
helpdesk/agents/database/tools.go:232.30,237.3 1 0
helpdesk/agents/database/tools.go:237.8,248.3 1 0
helpdesk/agents/database/tools.go:250.2,251.16 2 0
helpdesk/agents/database/tools.go:251.16,253.3 1 0
helpdesk/agents/database/tools.go:254.2,254.40 1 0
helpdesk/agents/database/tools.go:262.100,286.16 3 0
helpdesk/agents/database/tools.go:286.16,288.3 1 0
helpdesk/agents/database/tools.go:289.2,289.40 1 0
helpdesk/agents/database/tools.go:297.82,323.16 3 0
helpdesk/agents/database/tools.go:323.16,325.3 1 0
helpdesk/agents/database/tools.go:326.2,326.77 1 0
helpdesk/agents/database/tools.go:326.77,328.3 1 0
helpdesk/agents/database/tools.go:329.2,329.40 1 0
helpdesk/agents/database/tools.go:339.86,341.27 2 0
helpdesk/agents/database/tools.go:341.27,343.3 1 0
helpdesk/agents/database/tools.go:345.2,346.26 2 0
helpdesk/agents/database/tools.go:346.26,362.3 1 0
helpdesk/agents/database/tools.go:362.8,374.3 1 0
helpdesk/agents/database/tools.go:376.2,377.16 2 0
helpdesk/agents/database/tools.go:377.16,379.3 1 0
helpdesk/agents/database/tools.go:380.2,380.40 1 0
helpdesk/cmd/srebot/main.go:47.13,66.16 14 0
helpdesk/cmd/srebot/main.go:66.16,69.3 2 0
helpdesk/cmd/srebot/main.go:71.2,74.54 2 0
helpdesk/cmd/srebot/main.go:74.54,77.3 2 0
helpdesk/cmd/srebot/main.go:79.2,80.27 2 0
helpdesk/cmd/srebot/main.go:80.27,82.3 1 0
helpdesk/cmd/srebot/main.go:83.2,93.16 6 0
helpdesk/cmd/srebot/main.go:93.16,96.3 2 0
helpdesk/cmd/srebot/main.go:98.2,99.13 2 0
helpdesk/cmd/srebot/main.go:99.13,102.38 2 0
helpdesk/cmd/srebot/main.go:102.38,103.50 1 0
helpdesk/cmd/srebot/main.go:103.50,105.18 2 0
helpdesk/cmd/srebot/main.go:105.18,107.6 1 0
helpdesk/cmd/srebot/main.go:108.5,109.29 2 0
helpdesk/cmd/srebot/main.go:109.29,111.6 1 0
helpdesk/cmd/srebot/main.go:112.5,113.10 2 0
helpdesk/cmd/srebot/main.go:116.8,118.14 2 0
helpdesk/cmd/srebot/main.go:118.14,121.4 2 0
helpdesk/cmd/srebot/main.go:122.3,122.48 1 0
helpdesk/cmd/srebot/main.go:124.2,140.16 7 0
helpdesk/cmd/srebot/main.go:140.16,143.3 2 0
helpdesk/cmd/srebot/main.go:143.8,146.3 2 0
helpdesk/cmd/srebot/main.go:147.2,170.16 12 0
helpdesk/cmd/srebot/main.go:170.16,173.3 2 0
helpdesk/cmd/srebot/main.go:174.2,181.9 5 0
helpdesk/cmd/srebot/main.go:182.26,188.31 6 0
helpdesk/cmd/srebot/main.go:188.31,190.4 1 0
helpdesk/cmd/srebot/main.go:191.32,192.71 1 0
helpdesk/cmd/srebot/main.go:193.20,194.23 1 0
helpdesk/cmd/srebot/main.go:197.2,197.15 1 0
helpdesk/cmd/srebot/main.go:202.55,204.16 2 0
helpdesk/cmd/srebot/main.go:204.16,206.3 1 0
helpdesk/cmd/srebot/main.go:207.2,209.28 3 0
helpdesk/cmd/srebot/main.go:209.28,211.3 1 0
helpdesk/cmd/srebot/main.go:212.2,212.18 1 0
helpdesk/cmd/srebot/main.go:215.86,217.16 2 0
helpdesk/cmd/srebot/main.go:217.16,219.3 1 0
helpdesk/cmd/srebot/main.go:221.2,222.16 2 0
helpdesk/cmd/srebot/main.go:222.16,224.3 1 0
helpdesk/cmd/srebot/main.go:225.2,228.28 3 0
helpdesk/cmd/srebot/main.go:228.28,230.3 1 0
helpdesk/cmd/srebot/main.go:232.2,233.54 2 0
helpdesk/cmd/srebot/main.go:233.54,235.3 1 0
helpdesk/cmd/srebot/main.go:236.2,236.21 1 0
helpdesk/cmd/srebot/main.go:241.35,243.37 2 1
helpdesk/cmd/srebot/main.go:243.37,244.34 1 1
helpdesk/cmd/srebot/main.go:244.34,246.4 1 1
helpdesk/cmd/srebot/main.go:248.2,248.14 1 1
helpdesk/cmd/srebot/main.go:253.79,255.80 2 0
helpdesk/cmd/srebot/main.go:255.80,257.60 2 0
helpdesk/cmd/srebot/main.go:257.60,260.4 2 0
helpdesk/cmd/srebot/main.go:261.3,264.10 3 0
helpdesk/cmd/srebot/main.go:265.16,265.16 0 0
helpdesk/cmd/srebot/main.go:266.11,266.11 0 0
helpdesk/cmd/srebot/main.go:270.2,272.12 3 0
helpdesk/cmd/srebot/main.go:275.54,277.16 2 0
helpdesk/cmd/srebot/main.go:277.16,279.3 1 0
helpdesk/cmd/srebot/main.go:280.2,280.44 1 0
helpdesk/cmd/srebot/main.go:280.44,281.35 1 0
helpdesk/cmd/srebot/main.go:281.35,283.4 1 0
helpdesk/cmd/srebot/main.go:284.3,284.24 1 0
helpdesk/cmd/srebot/main.go:286.2,286.13 1 0
helpdesk/cmd/srebot/main.go:289.26,291.16 2 0
helpdesk/cmd/srebot/main.go:291.16,293.3 1 0
helpdesk/cmd/srebot/main.go:294.2,296.25 3 0
helpdesk/cmd/srebot/main.go:301.39,304.2 2 0
helpdesk/cmd/srebot/main.go:306.37,309.13 3 0
helpdesk/cmd/srebot/main.go:309.13,311.3 1 0
helpdesk/cmd/srebot/main.go:312.2,312.84 1 0
helpdesk/cmd/srebot/main.go:316.28,324.29 6 0
helpdesk/cmd/srebot/main.go:324.29,326.14 2 0
helpdesk/cmd/srebot/main.go:326.14,328.4 1 0
helpdesk/cmd/srebot/main.go:329.3,329.79 1 0
helpdesk/cmd/srebot/main.go:331.2,331.50 1 0
helpdesk/cmd/srebot/main.go:336.51,338.54 2 1
helpdesk/cmd/srebot/main.go:338.54,339.22 1 1
helpdesk/cmd/srebot/main.go:339.22,341.12 2 1
helpdesk/cmd/srebot/main.go:343.3,343.26 1 1
helpdesk/cmd/srebot/main.go:343.26,344.43 1 1
helpdesk/cmd/srebot/main.go:344.43,346.10 2 1
helpdesk/cmd/srebot/main.go:349.4,350.28 2 1
helpdesk/cmd/srebot/main.go:350.28,352.5 1 0
helpdesk/cmd/srebot/main.go:354.4,354.63 1 1
helpdesk/cmd/srebot/main.go:354.63,356.5 1 1
helpdesk/cmd/srebot/main.go:357.4,358.54 2 1
helpdesk/cmd/srebot/main.go:361.2,361.15 1 1
helpdesk/cmd/srebot/main.go:366.33,368.2 1 1
helpdesk/cmd/srebot/main.go:370.39,371.17 1 1
helpdesk/cmd/srebot/main.go:371.17,373.3 1 1
helpdesk/cmd/srebot/main.go:374.2,374.22 1 1
helpdesk/internal/discovery/discovery.go:26.61,30.35 3 1
helpdesk/internal/discovery/discovery.go:30.35,36.17 5 1
helpdesk/internal/discovery/discovery.go:36.17,38.12 2 1
helpdesk/internal/discovery/discovery.go:40.3,43.39 3 1
helpdesk/internal/discovery/discovery.go:43.39,45.12 2 1
helpdesk/internal/discovery/discovery.go:48.3,49.53 2 1
helpdesk/internal/discovery/discovery.go:49.53,51.12 2 1
helpdesk/internal/discovery/discovery.go:57.3,65.76 4 1
helpdesk/internal/discovery/discovery.go:68.2,68.22 1 1
helpdesk/internal/discovery/discovery.go:68.22,70.3 1 1
helpdesk/internal/discovery/discovery.go:71.2,71.20 1 1
helpdesk/agents/k8s/k8sclient.go:34.83,38.43 3 0
helpdesk/agents/k8s/k8sclient.go:38.43,40.3 1 0
helpdesk/agents/k8s/k8sclient.go:42.2,44.23 3 0
helpdesk/agents/k8s/k8sclient.go:44.23,46.3 1 0
helpdesk/agents/k8s/k8sclient.go:48.2,51.16 2 0
helpdesk/agents/k8s/k8sclient.go:51.16,53.3 1 0
helpdesk/agents/k8s/k8sclient.go:55.2,58.16 3 0
helpdesk/agents/k8s/k8sclient.go:58.16,60.3 1 0
helpdesk/agents/k8s/k8sclient.go:62.2,64.16 3 0
helpdesk/agents/k8s/k8sclient.go:68.43,69.16 1 1
helpdesk/agents/k8s/k8sclient.go:69.16,71.3 1 1
helpdesk/agents/k8s/k8sclient.go:73.2,77.85 3 1
helpdesk/agents/k8s/k8sclient.go:77.85,81.3 1 1
helpdesk/agents/k8s/k8sclient.go:84.2,85.29 2 1
helpdesk/agents/k8s/k8sclient.go:85.29,86.52 1 1
helpdesk/agents/k8s/k8sclient.go:86.52,90.4 1 1
helpdesk/agents/k8s/k8sclient.go:91.3,93.85 1 1
helpdesk/agents/k8s/k8sclient.go:97.2,97.51 1 1
helpdesk/agents/k8s/k8sclient.go:97.51,101.3 1 1
helpdesk/agents/k8s/k8sclient.go:104.2,104.64 1 1
helpdesk/agents/k8s/k8sclient.go:104.64,108.3 1 1
helpdesk/agents/k8s/k8sclient.go:111.2,112.32 2 1
helpdesk/agents/k8s/k8sclient.go:112.32,113.10 1 0
helpdesk/agents/k8s/k8sclient.go:114.44,117.90 1 0
helpdesk/agents/k8s/k8sclient.go:118.41,120.79 1 0
helpdesk/agents/k8s/k8sclient.go:121.40,122.44 1 0
helpdesk/agents/k8s/k8sclient.go:122.44,125.5 1 0
helpdesk/agents/k8s/k8sclient.go:126.4,127.96 1 0
helpdesk/agents/k8s/k8sclient.go:132.2,132.113 1 1
helpdesk/agents/k8s/k8sclient.go:132.113,135.3 1 1
helpdesk/agents/k8s/k8sclient.go:138.2,139.87 1 1
helpdesk/agents/k8s/k8sclient.go:139.87,143.3 1 1
helpdesk/agents/k8s/k8sclient.go:146.2,146.101 1 1
helpdesk/agents/k8s/k8sclient.go:146.101,150.3 1 1
helpdesk/agents/k8s/k8sclient.go:152.2,152.12 1 1
helpdesk/agents/k8s/k8sclient.go:158.99,160.16 2 0
helpdesk/agents/k8s/k8sclient.go:160.16,162.3 1 0
helpdesk/agents/k8s/k8sclient.go:164.2,165.18 2 0
helpdesk/agents/k8s/k8sclient.go:165.18,167.3 1 0
helpdesk/agents/k8s/k8sclient.go:169.2,170.17 2 0
helpdesk/agents/k8s/k8sclient.go:170.17,172.3 1 0
helpdesk/agents/k8s/k8sclient.go:174.2,175.16 2 0
helpdesk/agents/k8s/k8sclient.go:175.16,177.3 1 0
helpdesk/agents/k8s/k8sclient.go:179.2,179.29 1 0
helpdesk/agents/k8s/k8sclient.go:179.29,181.3 1 0
helpdesk/agents/k8s/k8sclient.go:183.2,184.34 2 0
helpdesk/agents/k8s/k8sclient.go:184.34,197.3 1 0
helpdesk/agents/k8s/k8sclient.go:199.2,199.57 1 0
helpdesk/agents/k8s/k8sclient.go:203.124,205.16 2 0
helpdesk/agents/k8s/k8sclient.go:205.16,207.3 1 0
helpdesk/agents/k8s/k8sclient.go:209.2,210.23 2 0
helpdesk/agents/k8s/k8sclient.go:210.23,212.3 1 0
helpdesk/agents/k8s/k8sclient.go:214.2,215.16 2 0
helpdesk/agents/k8s/k8sclient.go:215.16,217.3 1 0
helpdesk/agents/k8s/k8sclient.go:219.2,220.36 2 0
helpdesk/agents/k8s/k8sclient.go:220.36,221.64 1 0
helpdesk/agents/k8s/k8sclient.go:221.64,222.12 1 0
helpdesk/agents/k8s/k8sclient.go:225.3,226.36 2 0
helpdesk/agents/k8s/k8sclient.go:226.36,234.4 1 0
helpdesk/agents/k8s/k8sclient.go:236.3,245.5 1 0
helpdesk/agents/k8s/k8sclient.go:248.2,248.24 1 0
helpdesk/agents/k8s/k8sclient.go:248.24,250.3 1 0
helpdesk/agents/k8s/k8sclient.go:251.2,251.72 1 0
helpdesk/agents/k8s/k8sclient.go:255.115,257.16 2 0
helpdesk/agents/k8s/k8sclient.go:257.16,259.3 1 0
helpdesk/agents/k8s/k8sclient.go:261.2,262.24 2 0
helpdesk/agents/k8s/k8sclient.go:262.24,264.3 1 0
helpdesk/agents/k8s/k8sclient.go:266.2,267.16 2 0
helpdesk/agents/k8s/k8sclient.go:267.16,269.3 1 0
helpdesk/agents/k8s/k8sclient.go:271.2,271.28 1 0
helpdesk/agents/k8s/k8sclient.go:271.28,273.3 1 0
helpdesk/agents/k8s/k8sclient.go:275.2,276.34 2 0
helpdesk/agents/k8s/k8sclient.go:276.34,280.37 3 0
helpdesk/agents/k8s/k8sclient.go:280.37,281.42 1 0
helpdesk/agents/k8s/k8sclient.go:281.42,286.29 2 0
helpdesk/agents/k8s/k8sclient.go:286.29,288.6 1 0
helpdesk/agents/k8s/k8sclient.go:289.5,289.62 1 0
helpdesk/agents/k8s/k8sclient.go:289.62,291.6 1 0
helpdesk/agents/k8s/k8sclient.go:292.5,292.38 1 0
helpdesk/agents/k8s/k8sclient.go:294.4,294.50 1 0
helpdesk/agents/k8s/k8sclient.go:294.50,299.29 2 0
helpdesk/agents/k8s/k8sclient.go:299.29,301.6 1 0
helpdesk/agents/k8s/k8sclient.go:302.5,302.62 1 0
helpdesk/agents/k8s/k8sclient.go:302.62,304.6 1 0
helpdesk/agents/k8s/k8sclient.go:305.5,305.38 1 0
helpdesk/agents/k8s/k8sclient.go:307.4,307.35 1 0
helpdesk/agents/k8s/k8sclient.go:307.35,313.5 1 0
helpdesk/agents/k8s/k8sclient.go:316.3,321.5 1 0
helpdesk/agents/k8s/k8sclient.go:324.2,324.77 1 0
helpdesk/agents/k8s/k8sclient.go:328.120,330.16 2 0
helpdesk/agents/k8s/k8sclient.go:330.16,332.3 1 0
helpdesk/agents/k8s/k8sclient.go:334.2,335.21 2 0
helpdesk/agents/k8s/k8sclient.go:335.21,337.3 1 0
helpdesk/agents/k8s/k8sclient.go:339.2,340.16 2 0
helpdesk/agents/k8s/k8sclient.go:340.16,342.3 1 0
helpdesk/agents/k8s/k8sclient.go:345.2,345.50 1 0
helpdesk/agents/k8s/k8sclient.go:345.50,349.3 3 0
helpdesk/agents/k8s/k8sclient.go:351.2,352.36 2 0
helpdesk/agents/k8s/k8sclient.go:352.36,353.83 1 0
helpdesk/agents/k8s/k8sclient.go:353.83,354.12 1 0
helpdesk/agents/k8s/k8sclient.go:356.3,365.5 1 0
helpdesk/agents/k8s/k8sclient.go:368.2,368.22 1 0
helpdesk/agents/k8s/k8sclient.go:368.22,370.3 1 0
helpdesk/agents/k8s/k8sclient.go:371.2,371.65 1 0
helpdesk/agents/k8s/k8sclient.go:376.47,377.31 1 1
helpdesk/agents/k8s/k8sclient.go:377.31,379.3 1 1
helpdesk/agents/k8s/k8sclient.go:380.2,380.31 1 1
helpdesk/agents/k8s/k8sclient.go:380.31,382.3 1 1
helpdesk/agents/k8s/k8sclient.go:383.2,383.25 1 1
helpdesk/agents/k8s/k8sclient.go:387.42,388.16 1 0
helpdesk/agents/k8s/k8sclient.go:388.16,390.3 1 0
helpdesk/agents/k8s/k8sclient.go:391.2,391.31 1 0
helpdesk/agents/k8s/k8sclient.go:395.99,397.16 2 0
helpdesk/agents/k8s/k8sclient.go:397.16,399.3 1 0
helpdesk/agents/k8s/k8sclient.go:401.2,402.16 2 0
helpdesk/agents/k8s/k8sclient.go:402.16,404.3 1 0
helpdesk/agents/k8s/k8sclient.go:406.2,407.35 2 0
helpdesk/agents/k8s/k8sclient.go:407.35,418.43 2 0
helpdesk/agents/k8s/k8sclient.go:418.43,419.21 1 0
helpdesk/agents/k8s/k8sclient.go:420.31,421.35 1 0
helpdesk/agents/k8s/k8sclient.go:422.31,423.35 1 0
helpdesk/agents/k8s/k8sclient.go:427.3,427.17 1 0
helpdesk/agents/k8s/k8sclient.go:427.17,429.4 1 0
helpdesk/agents/k8s/k8sclient.go:431.3,431.30 1 0
helpdesk/agents/k8s/k8sclient.go:434.2,434.61 1 0
helpdesk/agents/k8s/k8stypes.go:143.42,145.9 2 1
helpdesk/agents/k8s/k8stypes.go:146.23,147.46 1 1
helpdesk/agents/k8s/k8stypes.go:148.21,149.46 1 1
helpdesk/agents/k8s/k8stypes.go:150.24,151.44 1 1
helpdesk/agents/k8s/k8stypes.go:152.10,153.47 1 1
helpdesk/agents/k8s/k8stypes.go:158.63,160.29 2 1
helpdesk/agents/k8s/k8stypes.go:160.29,161.14 1 1
helpdesk/agents/k8s/k8stypes.go:161.14,163.4 1 1
helpdesk/agents/k8s/k8stypes.go:165.2,165.51 1 1
helpdesk/agents/k8s/k8stypes.go:169.61,171.29 2 1
helpdesk/agents/k8s/k8stypes.go:171.29,173.3 1 1
helpdesk/agents/k8s/k8stypes.go:174.2,174.14 1 1
helpdesk/agents/k8s/k8stypes.go:178.69,180.31 2 0
helpdesk/agents/k8s/k8stypes.go:180.31,182.3 1 0
helpdesk/agents/k8s/k8stypes.go:183.2,183.15 1 0
helpdesk/agents/k8s/k8stypes.go:187.51,190.24 3 1
helpdesk/agents/k8s/k8stypes.go:190.24,191.35 1 1
helpdesk/agents/k8s/k8stypes.go:191.35,193.4 1 1
helpdesk/agents/k8s/k8stypes.go:195.2,196.21 2 1
helpdesk/agents/k8s/k8stypes.go:196.21,198.3 1 1
helpdesk/agents/k8s/k8stypes.go:199.2,199.14 1 1
helpdesk/agents/k8s/k8stypes.go:203.79,205.31 2 1
helpdesk/agents/k8s/k8stypes.go:205.31,206.33 1 1
helpdesk/agents/k8s/k8stypes.go:206.33,207.40 1 1
helpdesk/agents/k8s/k8stypes.go:207.40,209.5 1 1
helpdesk/agents/k8s/k8stypes.go:209.10,211.5 1 1
helpdesk/agents/k8s/k8stypes.go:212.4,212.9 1 1
helpdesk/agents/k8s/k8stypes.go:215.2,215.19 1 1
helpdesk/agents/k8s/k8stypes.go:215.19,217.3 1 1
helpdesk/agents/k8s/k8stypes.go:218.2,218.15 1 1
helpdesk/agents/k8s/k8stypes.go:222.53,225.54 3 1
helpdesk/agents/k8s/k8stypes.go:225.54,226.19 1 1
helpdesk/agents/k8s/k8stypes.go:226.19,228.4 1 1
helpdesk/agents/k8s/k8stypes.go:228.9,228.32 1 1
helpdesk/agents/k8s/k8stypes.go:228.32,230.4 1 1
helpdesk/agents/k8s/k8stypes.go:232.2,232.14 1 1
helpdesk/agents/k8s/main.go:20.13,25.16 4 0
helpdesk/agents/k8s/main.go:25.16,28.3 2 0
helpdesk/agents/k8s/main.go:30.2,31.16 2 0
helpdesk/agents/k8s/main.go:31.16,34.3 2 0
helpdesk/agents/k8s/main.go:36.2,43.16 2 0
helpdesk/agents/k8s/main.go:43.16,46.3 2 0
helpdesk/agents/k8s/main.go:48.2,70.70 2 0
helpdesk/agents/k8s/main.go:70.70,73.3 2 0
helpdesk/agents/k8s/main.go:76.41,81.16 2 0
helpdesk/agents/k8s/main.go:81.16,83.3 1 0
helpdesk/agents/k8s/main.go:85.2,89.16 2 0
helpdesk/agents/k8s/main.go:89.16,91.3 1 0
helpdesk/agents/k8s/main.go:93.2,97.16 2 0
helpdesk/agents/k8s/main.go:97.16,99.3 1 0
helpdesk/agents/k8s/main.go:101.2,105.16 2 0
helpdesk/agents/k8s/main.go:105.16,107.3 1 0
helpdesk/agents/k8s/main.go:109.2,113.16 2 0
helpdesk/agents/k8s/main.go:113.16,115.3 1 0
helpdesk/agents/k8s/main.go:117.2,121.16 2 0
helpdesk/agents/k8s/main.go:121.16,123.3 1 0
helpdesk/agents/k8s/main.go:125.2,129.16 2 0
helpdesk/agents/k8s/main.go:129.16,131.3 1 0
helpdesk/agents/k8s/main.go:133.2,137.16 2 0
helpdesk/agents/k8s/main.go:137.16,139.3 1 0
helpdesk/agents/k8s/main.go:141.2,150.8 1 0
helpdesk/agents/k8s/tools.go:16.49,19.9 2 1
helpdesk/agents/k8s/tools.go:20.83,23.62 1 1
helpdesk/agents/k8s/tools.go:25.51,28.44 1 1
helpdesk/agents/k8s/tools.go:30.64,33.62 1 1
helpdesk/agents/k8s/tools.go:35.95,37.118 1 1
helpdesk/agents/k8s/tools.go:39.42,41.55 1 1
helpdesk/agents/k8s/tools.go:43.80,45.64 1 1
helpdesk/agents/k8s/tools.go:47.88,49.72 1 1
helpdesk/agents/k8s/tools.go:51.104,53.50 1 1
helpdesk/agents/k8s/tools.go:55.99,58.51 1 1
helpdesk/agents/k8s/tools.go:60.90,62.74 1 1
helpdesk/agents/k8s/tools.go:64.164,67.60 1 1
helpdesk/agents/k8s/tools.go:69.10,70.12 1 1
helpdesk/agents/k8s/tools.go:77.90,79.23 2 0
helpdesk/agents/k8s/tools.go:79.23,81.3 1 0
helpdesk/agents/k8s/tools.go:82.2,85.16 4 0
helpdesk/agents/k8s/tools.go:85.16,87.16 2 0
helpdesk/agents/k8s/tools.go:87.16,89.4 1 0
helpdesk/agents/k8s/tools.go:90.3,91.23 2 0
helpdesk/agents/k8s/tools.go:91.23,93.4 1 0
helpdesk/agents/k8s/tools.go:94.3,94.62 1 0
helpdesk/agents/k8s/tools.go:94.62,96.4 1 0
helpdesk/agents/k8s/tools.go:97.3,97.68 1 0
helpdesk/agents/k8s/tools.go:99.2,99.28 1 0
helpdesk/agents/k8s/tools.go:114.77,116.2 1 0
helpdesk/agents/k8s/tools.go:126.86,128.2 1 0
helpdesk/agents/k8s/tools.go:137.93,140.26 2 0
helpdesk/agents/k8s/tools.go:140.26,142.3 1 0
helpdesk/agents/k8s/tools.go:144.2,145.16 2 0
helpdesk/agents/k8s/tools.go:145.16,147.3 1 0
helpdesk/agents/k8s/tools.go:148.2,148.43 1 0
helpdesk/agents/k8s/tools.go:158.92,160.2 1 0
helpdesk/agents/k8s/tools.go:170.83,172.2 1 0
helpdesk/agents/k8s/tools.go:184.83,187.26 2 0
helpdesk/agents/k8s/tools.go:187.26,189.3 1 0
helpdesk/agents/k8s/tools.go:191.2,191.26 1 0
helpdesk/agents/k8s/tools.go:191.26,193.3 1 0
helpdesk/agents/k8s/tools.go:195.2,196.20 2 0
helpdesk/agents/k8s/tools.go:196.20,198.3 1 0
helpdesk/agents/k8s/tools.go:199.2,201.19 2 0
helpdesk/agents/k8s/tools.go:201.19,203.3 1 0
helpdesk/agents/k8s/tools.go:205.2,206.16 2 0
helpdesk/agents/k8s/tools.go:206.16,208.3 1 0
helpdesk/agents/k8s/tools.go:209.2,209.37 1 0
helpdesk/agents/k8s/tools.go:209.37,211.3 1 0
helpdesk/agents/k8s/tools.go:212.2,212.43 1 0
helpdesk/agents/k8s/tools.go:222.85,225.26 2 0
helpdesk/agents/k8s/tools.go:225.26,227.3 1 0
helpdesk/agents/k8s/tools.go:229.2,230.16 2 0
helpdesk/agents/k8s/tools.go:230.16,232.3 1 0
helpdesk/agents/k8s/tools.go:233.2,233.43 1 0
helpdesk/agents/k8s/tools.go:242.80,244.2 1 0
helpdesk/cmd/helpdesk/discovery.go:25.65,32.16 4 0
helpdesk/cmd/helpdesk/discovery.go:32.16,34.3 1 0
helpdesk/cmd/helpdesk/discovery.go:35.2,37.38 2 0
helpdesk/cmd/helpdesk/discovery.go:37.38,39.3 1 0
helpdesk/cmd/helpdesk/discovery.go:41.2,42.16 2 0
helpdesk/cmd/helpdesk/discovery.go:42.16,44.3 1 0
helpdesk/cmd/helpdesk/discovery.go:46.2,47.52 2 0
helpdesk/cmd/helpdesk/discovery.go:47.52,49.3 1 0
helpdesk/cmd/helpdesk/discovery.go:51.2,57.36 2 0
helpdesk/cmd/helpdesk/discovery.go:57.36,58.30 1 0
helpdesk/cmd/helpdesk/discovery.go:58.30,60.4 1 0
helpdesk/cmd/helpdesk/discovery.go:60.9,60.30 1 0
helpdesk/cmd/helpdesk/discovery.go:60.30,62.4 1 0
helpdesk/cmd/helpdesk/discovery.go:65.2,65.23 1 0
helpdesk/cmd/helpdesk/discovery.go:65.23,67.3 1 0
helpdesk/cmd/helpdesk/discovery.go:69.2,69.20 1 0
helpdesk/cmd/helpdesk/discovery.go:73.62,77.27 3 0
helpdesk/cmd/helpdesk/discovery.go:77.27,80.17 3 0
helpdesk/cmd/helpdesk/discovery.go:80.17,83.12 3 0
helpdesk/cmd/helpdesk/discovery.go:85.3,86.43 2 0
helpdesk/cmd/helpdesk/discovery.go:89.2,89.27 1 0
helpdesk/cmd/helpdesk/discovery.go:93.46,100.16 4 0
helpdesk/cmd/helpdesk/discovery.go:100.16,102.3 1 0
helpdesk/cmd/helpdesk/discovery.go:103.2,105.38 2 0
helpdesk/cmd/helpdesk/discovery.go:105.38,107.3 1 0
helpdesk/cmd/helpdesk/discovery.go:109.2,109.12 1 0
helpdesk/cmd/helpdesk/main.go:27.13,37.70 4 0
helpdesk/cmd/helpdesk/main.go:37.70,40.3 2 0
helpdesk/cmd/helpdesk/main.go:43.2,46.21 3 0
helpdesk/cmd/helpdesk/main.go:46.21,48.23 2 0
helpdesk/cmd/helpdesk/main.go:48.23,50.4 1 0
helpdesk/cmd/helpdesk/main.go:51.3,52.22 2 0
helpdesk/cmd/helpdesk/main.go:52.22,54.4 1 0
helpdesk/cmd/helpdesk/main.go:55.3,55.28 1 0
helpdesk/cmd/helpdesk/main.go:56.8,59.29 3 0
helpdesk/cmd/helpdesk/main.go:59.29,61.4 1 0
helpdesk/cmd/helpdesk/main.go:62.3,64.17 3 0
helpdesk/cmd/helpdesk/main.go:64.17,67.4 2 0
helpdesk/cmd/helpdesk/main.go:68.3,68.72 1 0
helpdesk/cmd/helpdesk/main.go:71.2,71.28 1 0
helpdesk/cmd/helpdesk/main.go:71.28,73.3 1 0
helpdesk/cmd/helpdesk/main.go:75.2,76.33 2 0
helpdesk/cmd/helpdesk/main.go:76.33,78.3 1 0
helpdesk/cmd/helpdesk/main.go:79.2,83.16 3 0
helpdesk/cmd/helpdesk/main.go:83.16,86.3 2 0
helpdesk/cmd/helpdesk/main.go:89.2,96.27 4 0
helpdesk/cmd/helpdesk/main.go:96.27,98.17 2 0
helpdesk/cmd/helpdesk/main.go:98.17,101.4 2 0
helpdesk/cmd/helpdesk/main.go:102.3,103.161 2 0
helpdesk/cmd/helpdesk/main.go:106.2,106.32 1 0
helpdesk/cmd/helpdesk/main.go:106.32,109.3 1 0
helpdesk/cmd/helpdesk/main.go:112.2,113.98 2 0
helpdesk/cmd/helpdesk/main.go:113.98,115.3 1 0
helpdesk/cmd/helpdesk/main.go:118.2,127.16 2 0
helpdesk/cmd/helpdesk/main.go:127.16,130.3 2 0
helpdesk/cmd/helpdesk/main.go:132.2,133.32 2 0
helpdesk/cmd/helpdesk/main.go:133.32,135.3 1 0
helpdesk/cmd/helpdesk/main.go:137.2,138.16 2 0
helpdesk/cmd/helpdesk/main.go:138.16,141.3 2 0
helpdesk/cmd/helpdesk/main.go:143.2,153.61 5 0
helpdesk/cmd/helpdesk/main.go:153.61,156.3 2 0
helpdesk/cmd/helpdesk/orchestrator.go:33.65,35.16 2 1
helpdesk/cmd/helpdesk/orchestrator.go:35.16,37.3 1 1
helpdesk/cmd/helpdesk/orchestrator.go:39.2,40.54 2 1
helpdesk/cmd/helpdesk/orchestrator.go:40.54,42.3 1 0
helpdesk/cmd/helpdesk/orchestrator.go:44.2,44.20 1 1
helpdesk/cmd/helpdesk/orchestrator.go:77.57,79.16 2 1
helpdesk/cmd/helpdesk/orchestrator.go:79.16,81.3 1 1
helpdesk/cmd/helpdesk/orchestrator.go:83.2,84.54 2 1
helpdesk/cmd/helpdesk/orchestrator.go:84.54,86.3 1 1
helpdesk/cmd/helpdesk/orchestrator.go:88.2,88.21 1 1
helpdesk/cmd/helpdesk/orchestrator.go:92.58,96.31 3 1
helpdesk/cmd/helpdesk/orchestrator.go:96.31,98.40 2 1
helpdesk/cmd/helpdesk/orchestrator.go:98.40,101.27 3 1
helpdesk/cmd/helpdesk/orchestrator.go:101.27,102.57 1 1
helpdesk/cmd/helpdesk/orchestrator.go:102.57,104.6 1 1
helpdesk/cmd/helpdesk/orchestrator.go:104.11,106.6 1 0
helpdesk/cmd/helpdesk/orchestrator.go:107.5,108.17 2 1
helpdesk/cmd/helpdesk/orchestrator.go:108.17,110.6 1 0
helpdesk/cmd/helpdesk/orchestrator.go:111.5,111.59 1 1
helpdesk/cmd/helpdesk/orchestrator.go:112.10,112.30 1 1
helpdesk/cmd/helpdesk/orchestrator.go:112.30,113.44 1 1
helpdesk/cmd/helpdesk/orchestrator.go:113.44,115.6 1 1
helpdesk/cmd/helpdesk/orchestrator.go:115.11,117.6 1 0
helpdesk/cmd/helpdesk/orchestrator.go:119.4,119.24 1 1
helpdesk/cmd/helpdesk/orchestrator.go:123.2,123.33 1 1
helpdesk/cmd/helpdesk/orchestrator.go:123.33,125.43 2 1
helpdesk/cmd/helpdesk/orchestrator.go:125.43,127.4 1 1
helpdesk/cmd/helpdesk/orchestrator.go:128.3,128.23 1 1
helpdesk/cmd/helpdesk/orchestrator.go:131.2,131.25 1 1
helpdesk/cmd/helpdesk/orchestrator.go:131.25,133.34 2 1
helpdesk/cmd/helpdesk/orchestrator.go:133.34,135.4 1 1
helpdesk/cmd/helpdesk/orchestrator.go:136.3,136.23 1 1
helpdesk/cmd/helpdesk/orchestrator.go:139.2,145.20 6 1
helpdesk/cmd/helpdesk/orchestrator.go:150.59,151.22 1 1
helpdesk/cmd/helpdesk/orchestrator.go:151.22,153.3 1 1
helpdesk/cmd/helpdesk/orchestrator.go:155.2,159.31 4 1
helpdesk/cmd/helpdesk/orchestrator.go:159.31,161.30 2 1
helpdesk/cmd/helpdesk/orchestrator.go:161.30,163.4 1 1
helpdesk/cmd/helpdesk/orchestrator.go:164.3,164.30 1 1
helpdesk/cmd/helpdesk/orchestrator.go:164.30,166.43 2 1
helpdesk/cmd/helpdesk/orchestrator.go:166.43,168.5 1 1
helpdesk/cmd/helpdesk/orchestrator.go:170.3,170.23 1 1
helpdesk/cmd/helpdesk/orchestrator.go:173.2,173.20 1 1
helpdesk/cmd/helpdesk/orchestrator.go:177.132,178.81 1 0
helpdesk/cmd/helpdesk/orchestrator.go:178.81,180.3 1 0
helpdesk/cmd/helpdesk/orchestrator.go:181.2,181.49 1 0
helpdesk/cmd/helpdesk/orchestrator.go:181.49,182.48 1 0
helpdesk/cmd/helpdesk/orchestrator.go:182.48,183.12 1 0
helpdesk/cmd/helpdesk/orchestrator.go:185.3,186.17 2 0
helpdesk/cmd/helpdesk/orchestrator.go:186.17,188.4 1 0
helpdesk/cmd/helpdesk/orchestrator.go:190.2,190.38 1 0
helpdesk/cmd/helpdesk/orchestrator.go:195.74,199.30 3 0
helpdesk/cmd/helpdesk/orchestrator.go:199.30,202.51 2 0
helpdesk/cmd/helpdesk/orchestrator.go:202.51,205.12 3 0
helpdesk/cmd/helpdesk/orchestrator.go:208.3,213.17 2 0
helpdesk/cmd/helpdesk/orchestrator.go:213.17,216.12 3 0
helpdesk/cmd/helpdesk/orchestrator.go:219.3,220.39 2 0
helpdesk/cmd/helpdesk/orchestrator.go:223.2,223.28 1 0
helpdesk/testing/cmd/faulttest/config.go:33.50,35.16 2 1
helpdesk/testing/cmd/faulttest/config.go:35.16,37.3 1 1
helpdesk/testing/cmd/faulttest/config.go:38.2,38.10 1 1
helpdesk/testing/cmd/faulttest/config.go:88.49,90.16 2 1
helpdesk/testing/cmd/faulttest/config.go:90.16,92.3 1 1
helpdesk/testing/cmd/faulttest/config.go:94.2,95.55 2 1
helpdesk/testing/cmd/faulttest/config.go:95.55,97.3 1 1
helpdesk/testing/cmd/faulttest/config.go:99.2,99.27 1 1
helpdesk/testing/cmd/faulttest/config.go:99.27,101.3 1 1
helpdesk/testing/cmd/faulttest/config.go:103.2,103.22 1 1
helpdesk/testing/cmd/faulttest/config.go:107.75,108.43 1 1
helpdesk/testing/cmd/faulttest/config.go:108.43,110.3 1 1
helpdesk/testing/cmd/faulttest/config.go:112.2,113.31 2 1
helpdesk/testing/cmd/faulttest/config.go:113.31,115.3 1 1
helpdesk/testing/cmd/faulttest/config.go:117.2,118.25 2 1
helpdesk/testing/cmd/faulttest/config.go:118.25,120.3 1 1
helpdesk/testing/cmd/faulttest/config.go:122.2,123.37 2 1
helpdesk/testing/cmd/faulttest/config.go:123.37,124.36 1 1
helpdesk/testing/cmd/faulttest/config.go:124.36,126.12 2 1
helpdesk/testing/cmd/faulttest/config.go:128.3,128.44 1 1
helpdesk/testing/cmd/faulttest/config.go:128.44,130.4 1 1
helpdesk/testing/cmd/faulttest/config.go:132.2,132.15 1 1
helpdesk/testing/cmd/faulttest/config.go:136.62,143.2 2 1
helpdesk/testing/cmd/faulttest/evaluator.go:41.58,52.50 4 1
helpdesk/testing/cmd/faulttest/evaluator.go:52.50,53.58 1 1
helpdesk/testing/cmd/faulttest/evaluator.go:53.58,54.52 1 1
helpdesk/testing/cmd/faulttest/evaluator.go:54.52,57.10 3 1
helpdesk/testing/cmd/faulttest/evaluator.go:60.8,64.3 2 1
helpdesk/testing/cmd/faulttest/evaluator.go:67.2,68.51 2 1
helpdesk/testing/cmd/faulttest/evaluator.go:68.51,71.27 3 1
helpdesk/testing/cmd/faulttest/evaluator.go:71.27,72.51 1 1
helpdesk/testing/cmd/faulttest/evaluator.go:72.51,74.5 1 1
helpdesk/testing/cmd/faulttest/evaluator.go:76.3,76.21 1 1
helpdesk/testing/cmd/faulttest/evaluator.go:76.21,78.20 2 1
helpdesk/testing/cmd/faulttest/evaluator.go:78.20,81.5 2 1
helpdesk/testing/cmd/faulttest/evaluator.go:83.8,86.3 2 1
helpdesk/testing/cmd/faulttest/evaluator.go:89.2,90.41 2 1
helpdesk/testing/cmd/faulttest/evaluator.go:90.41,92.51 2 1
helpdesk/testing/cmd/faulttest/evaluator.go:92.51,94.11 2 1
helpdesk/testing/cmd/faulttest/evaluator.go:94.11,95.13 1 1
helpdesk/testing/cmd/faulttest/evaluator.go:97.4,97.31 1 1
helpdesk/testing/cmd/faulttest/evaluator.go:97.31,98.52 1 1
helpdesk/testing/cmd/faulttest/evaluator.go:98.52,100.11 2 1
helpdesk/testing/cmd/faulttest/evaluator.go:104.3,105.40 2 1
helpdesk/testing/cmd/faulttest/evaluator.go:106.8,109.3 2 1
helpdesk/testing/cmd/faulttest/evaluator.go:112.2,117.15 3 1
helpdesk/testing/cmd/faulttest/evaluator.go:121.46,122.56 1 1
helpdesk/testing/cmd/faulttest/evaluator.go:122.56,124.3 1 1
helpdesk/testing/cmd/faulttest/injector.go:18.48,20.2 1 0
helpdesk/testing/cmd/faulttest/injector.go:23.67,26.2 2 0
helpdesk/testing/cmd/faulttest/injector.go:29.69,32.2 2 0
helpdesk/testing/cmd/faulttest/injector.go:34.82,35.19 1 0
helpdesk/testing/cmd/faulttest/injector.go:36.13,37.32 1 0
helpdesk/testing/cmd/faulttest/injector.go:38.16,39.35 1 0
helpdesk/testing/cmd/faulttest/injector.go:40.21,41.39 1 0
helpdesk/testing/cmd/faulttest/injector.go:42.19,43.38 1 0
helpdesk/testing/cmd/faulttest/injector.go:44.26,45.44 1 0
helpdesk/testing/cmd/faulttest/injector.go:46.16,47.35 1 0
helpdesk/testing/cmd/faulttest/injector.go:48.10,49.13 1 0
helpdesk/testing/cmd/faulttest/injector.go:50.10,51.61 1 0
helpdesk/testing/cmd/faulttest/injector.go:55.74,56.29 1 0
helpdesk/testing/cmd/faulttest/injector.go:56.29,58.31 2 0
helpdesk/testing/cmd/faulttest/injector.go:58.31,60.4 1 0
helpdesk/testing/cmd/faulttest/injector.go:61.3,61.64 1 0
helpdesk/testing/cmd/faulttest/injector.go:64.2,66.32 2 0
helpdesk/testing/cmd/faulttest/injector.go:66.32,68.3 1 0
helpdesk/testing/cmd/faulttest/injector.go:70.2,71.30 2 0
helpdesk/testing/cmd/faulttest/injector.go:71.30,73.3 1 0
helpdesk/testing/cmd/faulttest/injector.go:74.2,74.50 1 0
helpdesk/testing/cmd/faulttest/injector.go:77.77,78.21 1 0
helpdesk/testing/cmd/faulttest/injector.go:79.14,80.55 1 0
helpdesk/testing/cmd/faulttest/injector.go:81.15,82.56 1 0
helpdesk/testing/cmd/faulttest/injector.go:83.10,84.62 1 0
helpdesk/testing/cmd/faulttest/injector.go:88.81,91.21 3 0
helpdesk/testing/cmd/faulttest/injector.go:91.21,93.3 1 0
helpdesk/testing/cmd/faulttest/injector.go:96.2,96.92 1 0
helpdesk/testing/cmd/faulttest/injector.go:96.92,98.3 1 0
helpdesk/testing/cmd/faulttest/injector.go:99.2,99.12 1 0
helpdesk/testing/cmd/faulttest/injector.go:102.80,105.2 2 0
helpdesk/testing/cmd/faulttest/injector.go:107.86,109.87 2 0
helpdesk/testing/cmd/faulttest/injector.go:109.87,111.3 1 0
helpdesk/testing/cmd/faulttest/injector.go:114.2,114.63 1 0
helpdesk/testing/cmd/faulttest/injector.go:114.63,117.3 2 0
helpdesk/testing/cmd/faulttest/injector.go:118.2,118.12 1 0
helpdesk/testing/cmd/faulttest/injector.go:121.75,122.26 1 0
helpdesk/testing/cmd/faulttest/injector.go:122.26,123.54 1 0
helpdesk/testing/cmd/faulttest/injector.go:123.54,125.4 1 0
helpdesk/testing/cmd/faulttest/injector.go:126.3,126.13 1 0
helpdesk/testing/cmd/faulttest/injector.go:130.2,130.12 1 0
helpdesk/testing/cmd/faulttest/main.go:19.13,22.22 2 0
helpdesk/testing/cmd/faulttest/main.go:22.22,25.3 2 0
helpdesk/testing/cmd/faulttest/main.go:27.2,27.20 1 0
helpdesk/testing/cmd/faulttest/main.go:28.14,29.23 1 0
helpdesk/testing/cmd/faulttest/main.go:30.13,31.22 1 0
helpdesk/testing/cmd/faulttest/main.go:32.16,33.25 1 0
helpdesk/testing/cmd/faulttest/main.go:34.18,35.27 1 0
helpdesk/testing/cmd/faulttest/main.go:36.10,39.13 3 0
helpdesk/testing/cmd/faulttest/main.go:43.19,52.2 1 0
helpdesk/testing/cmd/faulttest/main.go:55.33,57.68 1 0
helpdesk/testing/cmd/faulttest/main.go:57.68,59.3 1 0
helpdesk/testing/cmd/faulttest/main.go:61.2,61.63 1 0
helpdesk/testing/cmd/faulttest/main.go:61.63,63.3 1 0
helpdesk/testing/cmd/faulttest/main.go:64.2,64.18 1 0
helpdesk/testing/cmd/faulttest/main.go:67.65,82.39 12 0
helpdesk/testing/cmd/faulttest/main.go:82.39,85.3 2 0
helpdesk/testing/cmd/faulttest/main.go:87.2,87.22 1 0
helpdesk/testing/cmd/faulttest/main.go:87.22,89.3 1 0
helpdesk/testing/cmd/faulttest/main.go:90.2,90.15 1 0
helpdesk/testing/cmd/faulttest/main.go:90.15,92.3 1 0
helpdesk/testing/cmd/faulttest/main.go:94.2,97.12 3 0
helpdesk/testing/cmd/faulttest/main.go:102.29,107.16 4 0
helpdesk/testing/cmd/faulttest/main.go:107.16,110.3 2 0
helpdesk/testing/cmd/faulttest/main.go:112.2,116.29 4 0
helpdesk/testing/cmd/faulttest/main.go:116.29,118.3 1 0
helpdesk/testing/cmd/faulttest/main.go:119.2,119.58 1 0
helpdesk/testing/cmd/faulttest/main.go:124.28,129.16 4 0
helpdesk/testing/cmd/faulttest/main.go:129.16,132.3 2 0
helpdesk/testing/cmd/faulttest/main.go:134.2,135.24 2 0
helpdesk/testing/cmd/faulttest/main.go:135.24,138.3 2 0
helpdesk/testing/cmd/faulttest/main.go:140.2,147.29 6 0
helpdesk/testing/cmd/faulttest/main.go:147.29,154.49 3 0
helpdesk/testing/cmd/faulttest/main.go:154.49,163.12 4 0
helpdesk/testing/cmd/faulttest/main.go:167.3,171.24 3 0
helpdesk/testing/cmd/faulttest/main.go:171.24,179.4 1 0
helpdesk/testing/cmd/faulttest/main.go:179.9,183.4 3 0
helpdesk/testing/cmd/faulttest/main.go:184.3,188.51 3 0
helpdesk/testing/cmd/faulttest/main.go:188.51,190.4 1 0
helpdesk/testing/cmd/faulttest/main.go:192.3,193.25 2 0
helpdesk/testing/cmd/faulttest/main.go:193.25,195.4 1 0
helpdesk/testing/cmd/faulttest/main.go:196.3,196.77 1 0
helpdesk/testing/cmd/faulttest/main.go:199.2,203.53 4 0
helpdesk/testing/cmd/faulttest/main.go:203.53,205.3 1 0
helpdesk/testing/cmd/faulttest/main.go:205.8,207.3 1 0
helpdesk/testing/cmd/faulttest/main.go:212.31,218.21 5 0
helpdesk/testing/cmd/faulttest/main.go:218.21,221.3 2 0
helpdesk/testing/cmd/faulttest/main.go:223.2,224.16 2 0
helpdesk/testing/cmd/faulttest/main.go:224.16,227.3 2 0
helpdesk/testing/cmd/faulttest/main.go:229.2,230.14 2 0
helpdesk/testing/cmd/faulttest/main.go:230.14,233.3 2 0
helpdesk/testing/cmd/faulttest/main.go:235.2,238.49 3 0
helpdesk/testing/cmd/faulttest/main.go:238.49,241.3 2 0
helpdesk/testing/cmd/faulttest/main.go:243.2,246.79 4 0
helpdesk/testing/cmd/faulttest/main.go:251.33,257.21 5 0
helpdesk/testing/cmd/faulttest/main.go:257.21,260.3 2 0
helpdesk/testing/cmd/faulttest/main.go:262.2,263.16 2 0
helpdesk/testing/cmd/faulttest/main.go:263.16,266.3 2 0
helpdesk/testing/cmd/faulttest/main.go:268.2,269.14 2 0
helpdesk/testing/cmd/faulttest/main.go:269.14,272.3 2 0
helpdesk/testing/cmd/faulttest/main.go:274.2,277.51 3 0
helpdesk/testing/cmd/faulttest/main.go:277.51,280.3 2 0
helpdesk/testing/cmd/faulttest/main.go:282.2,282.47 1 0
helpdesk/testing/cmd/faulttest/main.go:285.56,286.34 1 0
helpdesk/testing/cmd/faulttest/main.go:286.34,287.35 1 0
helpdesk/testing/cmd/faulttest/main.go:287.35,289.4 1 0
helpdesk/testing/cmd/faulttest/main.go:291.2,291.12 1 0
helpdesk/testing/cmd/faulttest/reporter.go:36.61,44.28 3 0
helpdesk/testing/cmd/faulttest/reporter.go:44.28,45.37 1 0
helpdesk/testing/cmd/faulttest/reporter.go:45.37,47.4 1 0
helpdesk/testing/cmd/faulttest/reporter.go:48.3,49.15 2 0
helpdesk/testing/cmd/faulttest/reporter.go:49.15,52.4 2 0
helpdesk/testing/cmd/faulttest/reporter.go:52.9,54.4 1 0
helpdesk/testing/cmd/faulttest/reporter.go:57.2,58.30 2 0
helpdesk/testing/cmd/faulttest/reporter.go:58.30,60.3 1 0
helpdesk/testing/cmd/faulttest/reporter.go:62.2,63.31 2 0
helpdesk/testing/cmd/faulttest/reporter.go:63.31,64.21 1 0
helpdesk/testing/cmd/faulttest/reporter.go:64.21,66.4 1 0
helpdesk/testing/cmd/faulttest/reporter.go:67.3,67.42 1 0
helpdesk/testing/cmd/faulttest/reporter.go:70.2,70.15 1 0
helpdesk/testing/cmd/faulttest/reporter.go:74.46,76.16 2 0
helpdesk/testing/cmd/faulttest/reporter.go:76.16,78.3 1 0
helpdesk/testing/cmd/faulttest/reporter.go:79.2,79.39 1 0
helpdesk/testing/cmd/faulttest/reporter.go:83.32,86.32 2 0
helpdesk/testing/cmd/faulttest/reporter.go:86.32,88.18 2 0
helpdesk/testing/cmd/faulttest/reporter.go:88.18,90.4 1 0
helpdesk/testing/cmd/faulttest/reporter.go:91.3,95.18 3 0
helpdesk/testing/cmd/faulttest/reporter.go:95.18,97.24 2 0
helpdesk/testing/cmd/faulttest/reporter.go:97.24,99.5 1 0
helpdesk/testing/cmd/faulttest/reporter.go:100.4,100.26 1 0
helpdesk/testing/cmd/faulttest/reporter.go:100.26,102.5 1 0
helpdesk/testing/cmd/faulttest/reporter.go:103.4,103.25 1 0
helpdesk/testing/cmd/faulttest/reporter.go:103.25,105.5 1 0
helpdesk/testing/cmd/faulttest/reporter.go:106.4,106.23 1 0
helpdesk/testing/cmd/faulttest/reporter.go:106.23,108.5 1 0
helpdesk/testing/cmd/faulttest/reporter.go:109.4,109.24 1 0
helpdesk/testing/cmd/faulttest/reporter.go:109.24,111.5 1 0
helpdesk/testing/cmd/faulttest/reporter.go:115.2,120.47 3 0
helpdesk/testing/cmd/faulttest/reporter.go:120.47,122.3 1 0
helpdesk/testing/cmd/faulttest/reporter.go:123.2,123.15 1 0
helpdesk/testing/cmd/faulttest/runner.go:17.44,19.2 1 0
helpdesk/testing/cmd/faulttest/runner.go:22.77,26.20 3 0
helpdesk/testing/cmd/faulttest/runner.go:26.20,30.3 1 0
helpdesk/testing/cmd/faulttest/runner.go:32.2,43.51 5 0
helpdesk/testing/cmd/faulttest/runner.go:46.51,47.18 1 0
helpdesk/testing/cmd/faulttest/runner.go:48.18,49.26 1 0
helpdesk/testing/cmd/faulttest/runner.go:50.20,51.27 1 0
helpdesk/testing/cmd/faulttest/runner.go:52.18,53.34 1 0
helpdesk/testing/cmd/faulttest/runner.go:53.34,55.4 1 0
helpdesk/testing/cmd/faulttest/runner.go:57.3,57.26 1 0
helpdesk/testing/cmd/faulttest/runner.go:58.10,59.12 1 0
helpdesk/agents/incident/bundle.go:27.112,34.16 6 1
helpdesk/agents/incident/bundle.go:34.16,36.3 1 0
helpdesk/agents/incident/bundle.go:37.2,47.16 7 1
helpdesk/agents/incident/bundle.go:47.16,49.3 1 0
helpdesk/agents/incident/bundle.go:50.2,50.95 1 1
helpdesk/agents/incident/bundle.go:50.95,52.3 1 0
helpdesk/agents/incident/bundle.go:55.2,55.39 1 1
helpdesk/agents/incident/bundle.go:55.39,56.37 1 1
helpdesk/agents/incident/bundle.go:56.37,58.66 2 1
helpdesk/agents/incident/bundle.go:58.66,60.5 1 0
helpdesk/agents/incident/bundle.go:65.2,65.30 1 1
helpdesk/agents/incident/bundle.go:65.30,67.99 2 1
helpdesk/agents/incident/bundle.go:67.99,69.4 1 0
helpdesk/agents/incident/bundle.go:72.2,72.21 1 1
helpdesk/agents/incident/bundle.go:76.67,83.44 2 1
helpdesk/agents/incident/bundle.go:83.44,85.3 1 0
helpdesk/agents/incident/bundle.go:86.2,86.42 1 1
helpdesk/agents/incident/bundle.go:86.42,88.3 1 0
helpdesk/agents/incident/bundle.go:89.2,89.12 1 1
helpdesk/agents/incident/main.go:19.13,24.16 4 0
helpdesk/agents/incident/main.go:24.16,27.3 2 0
helpdesk/agents/incident/main.go:29.2,30.16 2 0
helpdesk/agents/incident/main.go:30.16,33.3 2 0
helpdesk/agents/incident/main.go:35.2,42.16 2 0
helpdesk/agents/incident/main.go:42.16,45.3 2 0
helpdesk/agents/incident/main.go:47.2,64.75 2 0
helpdesk/agents/incident/main.go:64.75,67.3 2 0
helpdesk/agents/incident/tools.go:27.85,29.19 2 0
helpdesk/agents/incident/tools.go:29.19,31.3 1 0
helpdesk/agents/incident/tools.go:32.2,35.16 4 0
helpdesk/agents/incident/tools.go:35.16,37.16 2 0
helpdesk/agents/incident/tools.go:37.16,39.4 1 0
helpdesk/agents/incident/tools.go:40.3,41.65 2 0
helpdesk/agents/incident/tools.go:43.2,43.28 1 0
helpdesk/agents/incident/tools.go:49.94,51.23 2 0
helpdesk/agents/incident/tools.go:51.23,53.3 1 0
helpdesk/agents/incident/tools.go:54.2,57.16 4 0
helpdesk/agents/incident/tools.go:57.16,59.16 2 0
helpdesk/agents/incident/tools.go:59.16,61.4 1 0
helpdesk/agents/incident/tools.go:62.3,63.68 2 0
helpdesk/agents/incident/tools.go:65.2,65.28 1 0
helpdesk/agents/incident/tools.go:71.87,74.16 3 0
helpdesk/agents/incident/tools.go:74.16,76.16 2 0
helpdesk/agents/incident/tools.go:76.16,78.4 1 0
helpdesk/agents/incident/tools.go:79.3,80.69 2 0
helpdesk/agents/incident/tools.go:82.2,82.28 1 0
helpdesk/agents/incident/tools.go:88.94,195.28 4 1
helpdesk/agents/incident/tools.go:195.28,197.17 2 1
helpdesk/agents/incident/tools.go:197.17,200.4 2 1
helpdesk/agents/incident/tools.go:200.9,202.4 1 1
helpdesk/agents/incident/tools.go:205.2,205.20 1 1
helpdesk/agents/incident/tools.go:208.111,226.29 4 1
helpdesk/agents/incident/tools.go:226.29,228.17 2 1
helpdesk/agents/incident/tools.go:228.17,231.4 2 1
helpdesk/agents/incident/tools.go:231.9,233.4 1 1
helpdesk/agents/incident/tools.go:236.2,236.20 1 1
helpdesk/agents/incident/tools.go:239.72,259.29 4 1
helpdesk/agents/incident/tools.go:259.29,261.17 2 1
helpdesk/agents/incident/tools.go:261.17,264.4 2 1
helpdesk/agents/incident/tools.go:264.9,266.4 1 1
helpdesk/agents/incident/tools.go:269.2,269.20 1 1
helpdesk/agents/incident/tools.go:272.77,288.29 4 1
helpdesk/agents/incident/tools.go:288.29,290.17 2 1
helpdesk/agents/incident/tools.go:290.17,293.4 2 0
helpdesk/agents/incident/tools.go:293.9,295.4 1 1
helpdesk/agents/incident/tools.go:298.2,298.20 1 1
helpdesk/agents/incident/tools.go:322.110,326.25 3 0
helpdesk/agents/incident/tools.go:326.25,328.3 1 0
helpdesk/agents/incident/tools.go:329.2,329.28 1 0
helpdesk/agents/incident/tools.go:329.28,331.3 1 0
helpdesk/agents/incident/tools.go:333.2,334.21 2 0
helpdesk/agents/incident/tools.go:334.21,336.3 1 0
helpdesk/agents/incident/tools.go:338.2,339.21 2 0
helpdesk/agents/incident/tools.go:339.21,341.3 1 0
helpdesk/agents/incident/tools.go:343.2,354.33 5 0
helpdesk/agents/incident/tools.go:354.33,360.3 5 0
helpdesk/agents/incident/tools.go:363.2,363.27 1 0
helpdesk/agents/incident/tools.go:363.27,369.3 5 0
helpdesk/agents/incident/tools.go:372.2,373.2 2 0
helpdesk/agents/incident/tools.go:373.2,378.3 4 0
helpdesk/agents/incident/tools.go:381.2,382.2 2 0
helpdesk/agents/incident/tools.go:382.2,387.3 4 0
helpdesk/agents/incident/tools.go:389.2,399.16 3 0
helpdesk/agents/incident/tools.go:399.16,401.3 1 0
helpdesk/agents/incident/tools.go:404.2,404.71 1 0
helpdesk/agents/incident/tools.go:404.71,407.3 1 0
helpdesk/agents/incident/tools.go:409.2,424.28 3 0
helpdesk/agents/incident/tools.go:424.28,426.3 1 0
helpdesk/agents/incident/tools.go:428.2,428.20 1 0
helpdesk/agents/incident/tools.go:433.87,435.16 2 0
helpdesk/agents/incident/tools.go:435.16,438.3 2 0
helpdesk/agents/incident/tools.go:440.2,442.16 3 0
helpdesk/agents/incident/tools.go:442.16,445.3 2 0
helpdesk/agents/incident/tools.go:446.2,448.28 2 0
helpdesk/agents/incident/tools.go:448.28,451.3 2 0
helpdesk/agents/incident/tools.go:453.2,453.108 1 0
helpdesk/agents/incident/tools.go:457.31,459.40 2 0
helpdesk/agents/incident/tools.go:459.40,462.3 1 0
helpdesk/agents/incident/tools.go:463.2,463.30 1 0
helpdesk/agents/incident/tools.go:482.75,486.53 3 0
helpdesk/agents/incident/tools.go:486.53,487.56 1 0
helpdesk/agents/incident/tools.go:487.56,490.4 2 0
helpdesk/agents/incident/tools.go:493.2,504.16 3 0
helpdesk/agents/incident/tools.go:504.16,506.3 1 0
helpdesk/agents/incident/tools.go:507.2,507.44 1 0
helpdesk/agents/incident/tools.go:520.95,522.21 2 0
helpdesk/agents/incident/tools.go:522.21,524.3 1 0
helpdesk/agents/incident/tools.go:526.2,528.16 3 0
helpdesk/agents/incident/tools.go:528.16,529.25 1 0
helpdesk/agents/incident/tools.go:529.25,531.4 1 0
helpdesk/agents/incident/tools.go:532.3,532.86 1 0
helpdesk/agents/incident/tools.go:535.2,536.55 2 0
helpdesk/agents/incident/tools.go:536.55,538.3 1 0
helpdesk/agents/incident/tools.go:540.2,540.53 1 0
helpdesk/agents/incident/tools.go:545.41,550.16 2 0
helpdesk/agents/incident/tools.go:550.16,552.3 1 0
helpdesk/agents/incident/tools.go:554.2,558.16 2 0
helpdesk/agents/incident/tools.go:558.16,560.3 1 0
helpdesk/agents/incident/tools.go:562.2,562.47 1 0
